\BOOKMARK [1][-]{section.1}{\376\377\000I\000n\000t\000r\000o\000d\000u\000c\000t\000i\000o\000n}{}% 1
\BOOKMARK [1][-]{section.2}{\376\377\000P\000r\000e\000l\000i\000m\000i\000n\000a\000r\000i\000e\000s}{}% 2
\BOOKMARK [1][-]{section.3}{\376\377\000H\000y\000p\000e\000r\000S\000t\000e\000e\000r}{}% 3
\BOOKMARK [1][-]{section.4}{\376\377\000E\000x\000p\000e\000r\000i\000m\000e\000n\000t\000s}{}% 4
\BOOKMARK [1][-]{section.5}{\376\377\000Q\000u\000a\000l\000i\000t\000a\000t\000i\000v\000e\000\040\000A\000n\000a\000l\000y\000s\000e\000s}{}% 5
\BOOKMARK [1][-]{section.6}{\376\377\000C\000o\000n\000c\000l\000u\000s\000i\000o\000n}{}% 6
\BOOKMARK [1][-]{section.7}{\376\377\000L\000i\000m\000i\000t\000a\000t\000i\000o\000n\000s}{}% 7
\BOOKMARK [1][-]{section.8}{\376\377\000E\000t\000h\000i\000c\000a\000l\000\040\000C\000o\000n\000s\000i\000d\000e\000r\000a\000t\000i\000o\000n\000s}{}% 8
\BOOKMARK [1][-]{section.9}{\376\377\000A\000c\000k\000n\000o\000w\000l\000e\000d\000g\000m\000e\000n\000t\000s}{}% 9
\BOOKMARK [1][-]{appendix.A}{\376\377\000A\000p\000p\000e\000n\000d\000i\000x}{}% 10
\BOOKMARK [2][-]{subsection.A.1}{\376\377\000F\000u\000t\000u\000r\000e\000\040\000D\000i\000r\000e\000c\000t\000i\000o\000n\000s}{appendix.A}% 11
\BOOKMARK [2][-]{subsection.A.2}{\376\377\000H\000y\000p\000e\000r\000p\000a\000r\000a\000m\000e\000t\000e\000r\000\040\000D\000e\000t\000a\000i\000l\000s}{appendix.A}% 12
\BOOKMARK [2][-]{subsection.A.3}{\376\377\000C\000r\000o\000s\000s\000-\000A\000t\000t\000e\000n\000t\000i\000o\000n\000\040\000A\000r\000c\000h\000i\000t\000e\000c\000t\000u\000r\000e\000\040\000D\000e\000t\000a\000i\000l\000s}{appendix.A}% 13
\BOOKMARK [3][-]{subsubsection.A.3.1}{\376\377\000M\000o\000d\000e\000l\000\040\000S\000i\000z\000e}{subsection.A.3}% 14
\BOOKMARK [3][-]{subsubsection.A.3.2}{\376\377\000D\000e\000t\000a\000i\000l\000e\000d\000\040\000T\000F\000L\000O\000P\000s\000\040\000A\000n\000a\000l\000y\000s\000i\000s}{subsection.A.3}% 15
\BOOKMARK [2][-]{subsection.A.4}{\376\377\000D\000e\000t\000a\000i\000l\000s\000\040\000o\000n\000\040\000T\000r\000a\000i\000n\000i\000n\000g\000\040\000O\000b\000j\000e\000c\000t\000i\000v\000e}{appendix.A}% 16
\BOOKMARK [2][-]{subsection.A.5}{\376\377\000C\000o\000n\000c\000e\000p\000t\000\040\000D\000a\000t\000a\000s\000e\000t\000\040\000D\000e\000t\000a\000i\000l\000s}{appendix.A}% 17
\BOOKMARK [2][-]{subsection.A.6}{\376\377\000B\000a\000s\000e\000l\000i\000n\000e\000\040\000d\000e\000t\000a\000i\000l\000s}{appendix.A}% 18
\BOOKMARK [2][-]{subsection.A.7}{\376\377\000A\000d\000d\000i\000t\000i\000o\000n\000a\000l\000\040\000E\000x\000p\000e\000r\000i\000m\000e\000n\000t\000s}{appendix.A}% 19
\BOOKMARK [3][-]{subsubsection.A.7.1}{\376\377\000G\000e\000o\000m\000e\000t\000r\000i\000c\000\040\000s\000t\000r\000u\000c\000t\000u\000r\000e\000\040\000u\000s\000i\000n\000g\000\040\000d\000i\000m\000e\000n\000s\000i\000o\000n\000a\000l\000i\000t\000y\000\040\000r\000e\000d\000u\000c\000t\000i\000o\000n}{subsection.A.7}% 20
\BOOKMARK [3][-]{subsubsection.A.7.2}{\376\377\000A\000t\000t\000e\000n\000t\000i\000o\000n\000\040\000H\000e\000a\000t\000m\000a\000p\000s}{subsection.A.7}% 21
\BOOKMARK [3][-]{subsubsection.A.7.3}{\376\377\000D\000a\000t\000a\000\040\000D\000i\000s\000t\000r\000i\000b\000u\000t\000i\000o\000n}{subsection.A.7}% 22
\BOOKMARK [2][-]{subsection.A.8}{\376\377\000S\000a\000m\000p\000l\000e\000\040\000g\000e\000n\000e\000r\000a\000t\000i\000o\000n\000s}{appendix.A}% 23
